2018-07-23 10:03:42 Error: [PDOException] SQLSTATE[42S01]: Base table or view already exists: 1050 Table 'boards' already exists in C:\xampp3\htdocs\CarromTournamentServer\vendor\robmorgan\phinx\src\Phinx\Db\Adapter\PdoAdapter.php on line 165
Stack Trace:
#0 C:\xampp3\htdocs\CarromTournamentServer\vendor\robmorgan\phinx\src\Phinx\Db\Adapter\PdoAdapter.php(165): PDO->exec('CREATE TABLE `b...')
#1 C:\xampp3\htdocs\CarromTournamentServer\vendor\robmorgan\phinx\src\Phinx\Db\Adapter\MysqlAdapter.php(298): Phinx\Db\Adapter\PdoAdapter->execute('CREATE TABLE `b...')
#2 C:\xampp3\htdocs\CarromTournamentServer\vendor\robmorgan\phinx\src\Phinx\Db\Adapter\AdapterWrapper.php(349): Phinx\Db\Adapter\MysqlAdapter->createTable(Object(Phinx\Db\Table\Table), Array, Array)
#3 C:\xampp3\htdocs\CarromTournamentServer\vendor\robmorgan\phinx\src\Phinx\Db\Adapter\TimedOutputAdapter.php(138): Phinx\Db\Adapter\AdapterWrapper->createTable(Object(Phinx\Db\Table\Table), Array, Array)
#4 C:\xampp3\htdocs\CarromTournamentServer\vendor\robmorgan\phinx\src\Phinx\Db\Adapter\AdapterWrapper.php(349): Phinx\Db\Adapter\TimedOutputAdapter->createTable(Object(Phinx\Db\Table\Table), Array, Array)
#5 C:\xampp3\htdocs\CarromTournamentServer\vendor\robmorgan\phinx\src\Phinx\Db\Plan\Plan.php(136): Phinx\Db\Adapter\AdapterWrapper->createTable(Object(Phinx\Db\Table\Table), Array, Array)
#6 C:\xampp3\htdocs\CarromTournamentServer\vendor\robmorgan\phinx\src\Phinx\Db\Table.php(661): Phinx\Db\Plan\Plan->execute(Object(Migrations\CakeAdapter))
#7 C:\xampp3\htdocs\CarromTournamentServer\vendor\robmorgan\phinx\src\Phinx\Db\Table.php(555): Phinx\Db\Table->executeActions(false)
#8 C:\xampp3\htdocs\CarromTournamentServer\vendor\cakephp\migrations\src\Table.php(91): Phinx\Db\Table->create()
#9 C:\xampp3\htdocs\CarromTournamentServer\config\Migrations\20180723094654_Initial.php(45): Migrations\Table->create()
#10 C:\xampp3\htdocs\CarromTournamentServer\vendor\robmorgan\phinx\src\Phinx\Migration\Manager\Environment.php(128): Initial->up()
#11 C:\xampp3\htdocs\CarromTournamentServer\vendor\robmorgan\phinx\src\Phinx\Migration\Manager.php(387): Phinx\Migration\Manager\Environment->executeMigration(Object(Initial), 'up', false)
#12 C:\xampp3\htdocs\CarromTournamentServer\vendor\robmorgan\phinx\src\Phinx\Migration\Manager.php(361): Phinx\Migration\Manager->executeMigration('default', Object(Initial), 'up', false)
#13 C:\xampp3\htdocs\CarromTournamentServer\vendor\robmorgan\phinx\src\Phinx\Console\Command\Migrate.php(121): Phinx\Migration\Manager->migrate('default', '20180723094654', false)
#14 C:\xampp3\htdocs\CarromTournamentServer\vendor\cakephp\migrations\src\Command\CommandTrait.php(35): Phinx\Console\Command\Migrate->execute(Object(Symfony\Component\Console\Input\ArgvInput), Object(Symfony\Component\Console\Output\ConsoleOutput))
#15 C:\xampp3\htdocs\CarromTournamentServer\vendor\cakephp\migrations\src\Command\Migrate.php(67): Migrations\Command\Migrate->parentExecute(Object(Symfony\Component\Console\Input\ArgvInput), Object(Symfony\Component\Console\Output\ConsoleOutput))
#16 C:\xampp3\htdocs\CarromTournamentServer\vendor\symfony\console\Command\Command.php(251): Migrations\Command\Migrate->execute(Object(Symfony\Component\Console\Input\ArgvInput), Object(Symfony\Component\Console\Output\ConsoleOutput))
#17 C:\xampp3\htdocs\CarromTournamentServer\vendor\symfony\console\Application.php(886): Symfony\Component\Console\Command\Command->run(Object(Symfony\Component\Console\Input\ArgvInput), Object(Symfony\Component\Console\Output\ConsoleOutput))
#18 C:\xampp3\htdocs\CarromTournamentServer\vendor\symfony\console\Application.php(262): Symfony\Component\Console\Application->doRunCommand(Object(Migrations\Command\Migrate), Object(Symfony\Component\Console\Input\ArgvInput), Object(Symfony\Component\Console\Output\ConsoleOutput))
#19 C:\xampp3\htdocs\CarromTournamentServer\vendor\symfony\console\Application.php(145): Symfony\Component\Console\Application->doRun(Object(Symfony\Component\Console\Input\ArgvInput), Object(Symfony\Component\Console\Output\ConsoleOutput))
#20 C:\xampp3\htdocs\CarromTournamentServer\vendor\cakephp\migrations\src\Shell\MigrationsShell.php(108): Symfony\Component\Console\Application->run(Object(Symfony\Component\Console\Input\ArgvInput), Object(Symfony\Component\Console\Output\ConsoleOutput))
#21 C:\xampp3\htdocs\CarromTournamentServer\vendor\cakephp\cakephp\src\Console\Shell.php(532): Migrations\Shell\MigrationsShell->main('migrations', 'migrate')
#22 C:\xampp3\htdocs\CarromTournamentServer\vendor\cakephp\migrations\src\Shell\MigrationsShell.php(164): Cake\Console\Shell->runCommand(Array, true, Array)
#23 C:\xampp3\htdocs\CarromTournamentServer\vendor\cakephp\cakephp\src\Console\CommandRunner.php(342): Migrations\Shell\MigrationsShell->runCommand(Array, true)
#24 C:\xampp3\htdocs\CarromTournamentServer\vendor\cakephp\cakephp\src\Console\CommandRunner.php(164): Cake\Console\CommandRunner->runShell(Object(Migrations\Shell\MigrationsShell), Array)
#25 C:\xampp3\htdocs\CarromTournamentServer\bin\cake.php(12): Cake\Console\CommandRunner->run(Array)
#26 {main}


2018-07-24 06:40:02 Error: [RuntimeException] Unknown command `cake seed`. Run `cake --help` to get the list of valid commands. in C:\xampp3\htdocs\CarromTournamentServer\vendor\cakephp\cakephp\src\Console\CommandRunner.php on line 321
Stack Trace:
#0 C:\xampp3\htdocs\CarromTournamentServer\vendor\cakephp\cakephp\src\Console\CommandRunner.php(159): Cake\Console\CommandRunner->resolveName(Object(Cake\Console\CommandCollection), Object(Cake\Console\ConsoleIo), 'seed')
#1 C:\xampp3\htdocs\CarromTournamentServer\bin\cake.php(12): Cake\Console\CommandRunner->run(Array)
#2 {main}


2018-09-19 09:48:49 Error: [InvalidArgumentException] There was a problem connecting to the database: SQLSTATE[HY000] [1045] Access denied for user 'root'@'localhost' (using password: YES) in /Applications/MAMP/htdocs/CarromTournamentServer/vendor/robmorgan/phinx/src/Phinx/Db/Adapter/MysqlAdapter.php on line 121
Stack Trace:
#0 /Applications/MAMP/htdocs/CarromTournamentServer/vendor/robmorgan/phinx/src/Phinx/Db/Adapter/PdoAdapter.php(136): Phinx\Db\Adapter\MysqlAdapter->connect()
#1 /Applications/MAMP/htdocs/CarromTournamentServer/vendor/robmorgan/phinx/src/Phinx/Db/Adapter/AdapterWrapper.php(469): Phinx\Db\Adapter\PdoAdapter->getConnection()
#2 /Applications/MAMP/htdocs/CarromTournamentServer/vendor/cakephp/migrations/src/CakeAdapter.php(56): Phinx\Db\Adapter\AdapterWrapper->getConnection()
#3 /Applications/MAMP/htdocs/CarromTournamentServer/vendor/cakephp/migrations/src/Command/CommandTrait.php(78): Migrations\CakeAdapter->__construct(Object(Phinx\Db\Adapter\TimedOutputAdapter), Object(Cake\Database\Connection))
#4 /Applications/MAMP/htdocs/CarromTournamentServer/vendor/robmorgan/phinx/src/Phinx/Console/Command/Migrate.php(74): Migrations\Command\Migrate->bootstrap(Object(Symfony\Component\Console\Input\ArgvInput), Object(Symfony\Component\Console\Output\ConsoleOutput))
#5 /Applications/MAMP/htdocs/CarromTournamentServer/vendor/cakephp/migrations/src/Command/CommandTrait.php(35): Phinx\Console\Command\Migrate->execute(Object(Symfony\Component\Console\Input\ArgvInput), Object(Symfony\Component\Console\Output\ConsoleOutput))
#6 /Applications/MAMP/htdocs/CarromTournamentServer/vendor/cakephp/migrations/src/Command/Migrate.php(67): Migrations\Command\Migrate->parentExecute(Object(Symfony\Component\Console\Input\ArgvInput), Object(Symfony\Component\Console\Output\ConsoleOutput))
#7 /Applications/MAMP/htdocs/CarromTournamentServer/vendor/symfony/console/Command/Command.php(251): Migrations\Command\Migrate->execute(Object(Symfony\Component\Console\Input\ArgvInput), Object(Symfony\Component\Console\Output\ConsoleOutput))
#8 /Applications/MAMP/htdocs/CarromTournamentServer/vendor/symfony/console/Application.php(886): Symfony\Component\Console\Command\Command->run(Object(Symfony\Component\Console\Input\ArgvInput), Object(Symfony\Component\Console\Output\ConsoleOutput))
#9 /Applications/MAMP/htdocs/CarromTournamentServer/vendor/symfony/console/Application.php(262): Symfony\Component\Console\Application->doRunCommand(Object(Migrations\Command\Migrate), Object(Symfony\Component\Console\Input\ArgvInput), Object(Symfony\Component\Console\Output\ConsoleOutput))
#10 /Applications/MAMP/htdocs/CarromTournamentServer/vendor/symfony/console/Application.php(145): Symfony\Component\Console\Application->doRun(Object(Symfony\Component\Console\Input\ArgvInput), Object(Symfony\Component\Console\Output\ConsoleOutput))
#11 /Applications/MAMP/htdocs/CarromTournamentServer/vendor/cakephp/migrations/src/Shell/MigrationsShell.php(108): Symfony\Component\Console\Application->run(Object(Symfony\Component\Console\Input\ArgvInput), Object(Symfony\Component\Console\Output\ConsoleOutput))
#12 /Applications/MAMP/htdocs/CarromTournamentServer/vendor/cakephp/cakephp/src/Console/Shell.php(532): Migrations\Shell\MigrationsShell->main('migrations', 'migrate')
#13 /Applications/MAMP/htdocs/CarromTournamentServer/vendor/cakephp/migrations/src/Shell/MigrationsShell.php(164): Cake\Console\Shell->runCommand(Array, true, Array)
#14 /Applications/MAMP/htdocs/CarromTournamentServer/vendor/cakephp/cakephp/src/Console/CommandRunner.php(342): Migrations\Shell\MigrationsShell->runCommand(Array, true)
#15 /Applications/MAMP/htdocs/CarromTournamentServer/vendor/cakephp/cakephp/src/Console/CommandRunner.php(164): Cake\Console\CommandRunner->runShell(Object(Migrations\Shell\MigrationsShell), Array)
#16 /Applications/MAMP/htdocs/CarromTournamentServer/bin/cake.php(12): Cake\Console\CommandRunner->run(Array)
#17 {main}


2018-09-23 13:25:19 Error: [InvalidArgumentException] There was a problem connecting to the database: SQLSTATE[HY000] [2002] Connection refused in /Applications/MAMP/htdocs/CarromTournamentServer/vendor/robmorgan/phinx/src/Phinx/Db/Adapter/MysqlAdapter.php on line 121
Stack Trace:
#0 /Applications/MAMP/htdocs/CarromTournamentServer/vendor/robmorgan/phinx/src/Phinx/Db/Adapter/PdoAdapter.php(136): Phinx\Db\Adapter\MysqlAdapter->connect()
#1 /Applications/MAMP/htdocs/CarromTournamentServer/vendor/robmorgan/phinx/src/Phinx/Db/Adapter/AdapterWrapper.php(469): Phinx\Db\Adapter\PdoAdapter->getConnection()
#2 /Applications/MAMP/htdocs/CarromTournamentServer/vendor/cakephp/migrations/src/CakeAdapter.php(56): Phinx\Db\Adapter\AdapterWrapper->getConnection()
#3 /Applications/MAMP/htdocs/CarromTournamentServer/vendor/cakephp/migrations/src/Command/CommandTrait.php(78): Migrations\CakeAdapter->__construct(Object(Phinx\Db\Adapter\TimedOutputAdapter), Object(Cake\Database\Connection))
#4 /Applications/MAMP/htdocs/CarromTournamentServer/vendor/cakephp/migrations/src/Command/Dump.php(81): Migrations\Command\Dump->bootstrap(Object(Symfony\Component\Console\Input\ArgvInput), Object(Symfony\Component\Console\Output\ConsoleOutput))
#5 /Applications/MAMP/htdocs/CarromTournamentServer/vendor/symfony/console/Command/Command.php(251): Migrations\Command\Dump->execute(Object(Symfony\Component\Console\Input\ArgvInput), Object(Symfony\Component\Console\Output\ConsoleOutput))
#6 /Applications/MAMP/htdocs/CarromTournamentServer/vendor/symfony/console/Application.php(886): Symfony\Component\Console\Command\Command->run(Object(Symfony\Component\Console\Input\ArgvInput), Object(Symfony\Component\Console\Output\ConsoleOutput))
#7 /Applications/MAMP/htdocs/CarromTournamentServer/vendor/symfony/console/Application.php(262): Symfony\Component\Console\Application->doRunCommand(Object(Migrations\Command\Dump), Object(Symfony\Component\Console\Input\ArgvInput), Object(Symfony\Component\Console\Output\ConsoleOutput))
#8 /Applications/MAMP/htdocs/CarromTournamentServer/vendor/symfony/console/Application.php(145): Symfony\Component\Console\Application->doRun(Object(Symfony\Component\Console\Input\ArgvInput), Object(Symfony\Component\Console\Output\ConsoleOutput))
#9 /Applications/MAMP/htdocs/CarromTournamentServer/vendor/cakephp/migrations/src/Shell/MigrationsShell.php(108): Symfony\Component\Console\Application->run(Object(Symfony\Component\Console\Input\ArgvInput), Object(Symfony\Component\Console\Output\ConsoleOutput))
#10 /Applications/MAMP/htdocs/CarromTournamentServer/vendor/cakephp/cakephp/src/Console/Shell.php(532): Migrations\Shell\MigrationsShell->main('migrations', 'dump')
#11 /Applications/MAMP/htdocs/CarromTournamentServer/vendor/cakephp/migrations/src/Shell/MigrationsShell.php(164): Cake\Console\Shell->runCommand(Array, true, Array)
#12 /Applications/MAMP/htdocs/CarromTournamentServer/vendor/cakephp/cakephp/src/Console/CommandRunner.php(342): Migrations\Shell\MigrationsShell->runCommand(Array, true)
#13 /Applications/MAMP/htdocs/CarromTournamentServer/vendor/cakephp/cakephp/src/Console/CommandRunner.php(164): Cake\Console\CommandRunner->runShell(Object(Migrations\Shell\MigrationsShell), Array)
#14 /Applications/MAMP/htdocs/CarromTournamentServer/bin/cake.php(12): Cake\Console\CommandRunner->run(Array)
#15 {main}


2018-09-24 09:24:59 Error: [Symfony\Component\Console\Exception\RuntimeException] Too many arguments, expected arguments "command". in /Applications/MAMP/htdocs/CarromTournamentServer/vendor/symfony/console/Input/ArgvInput.php on line 182
Stack Trace:
#0 /Applications/MAMP/htdocs/CarromTournamentServer/vendor/symfony/console/Input/ArgvInput.php(86): Symfony\Component\Console\Input\ArgvInput->parseArgument('20180801091216_...')
#1 /Applications/MAMP/htdocs/CarromTournamentServer/vendor/symfony/console/Input/Input.php(55): Symfony\Component\Console\Input\ArgvInput->parse()
#2 /Applications/MAMP/htdocs/CarromTournamentServer/vendor/symfony/console/Command/Command.php(210): Symfony\Component\Console\Input\Input->bind(Object(Symfony\Component\Console\Input\InputDefinition))
#3 /Applications/MAMP/htdocs/CarromTournamentServer/vendor/symfony/console/Application.php(886): Symfony\Component\Console\Command\Command->run(Object(Symfony\Component\Console\Input\ArgvInput), Object(Symfony\Component\Console\Output\ConsoleOutput))
#4 /Applications/MAMP/htdocs/CarromTournamentServer/vendor/symfony/console/Application.php(262): Symfony\Component\Console\Application->doRunCommand(Object(Migrations\Command\Migrate), Object(Symfony\Component\Console\Input\ArgvInput), Object(Symfony\Component\Console\Output\ConsoleOutput))
#5 /Applications/MAMP/htdocs/CarromTournamentServer/vendor/symfony/console/Application.php(145): Symfony\Component\Console\Application->doRun(Object(Symfony\Component\Console\Input\ArgvInput), Object(Symfony\Component\Console\Output\ConsoleOutput))
#6 /Applications/MAMP/htdocs/CarromTournamentServer/vendor/cakephp/migrations/src/Shell/MigrationsShell.php(108): Symfony\Component\Console\Application->run(Object(Symfony\Component\Console\Input\ArgvInput), Object(Symfony\Component\Console\Output\ConsoleOutput))
#7 /Applications/MAMP/htdocs/CarromTournamentServer/vendor/cakephp/cakephp/src/Console/Shell.php(532): Migrations\Shell\MigrationsShell->main('migrations', 'migrate', '20180801091216_...')
#8 /Applications/MAMP/htdocs/CarromTournamentServer/vendor/cakephp/migrations/src/Shell/MigrationsShell.php(164): Cake\Console\Shell->runCommand(Array, true, Array)
#9 /Applications/MAMP/htdocs/CarromTournamentServer/vendor/cakephp/cakephp/src/Console/CommandRunner.php(342): Migrations\Shell\MigrationsShell->runCommand(Array, true)
#10 /Applications/MAMP/htdocs/CarromTournamentServer/vendor/cakephp/cakephp/src/Console/CommandRunner.php(164): Cake\Console\CommandRunner->runShell(Object(Migrations\Shell\MigrationsShell), Array)
#11 /Applications/MAMP/htdocs/CarromTournamentServer/bin/cake.php(12): Cake\Console\CommandRunner->run(Array)
#12 {main}


2018-09-24 09:30:24 Error: [Symfony\Component\Console\Exception\CommandNotFoundException] Command "diff" is not defined. in /Applications/MAMP/htdocs/CarromTournamentServer/vendor/symfony/console/Application.php on line 632
Stack Trace:
#0 /Applications/MAMP/htdocs/CarromTournamentServer/vendor/symfony/console/Application.php(226): Symfony\Component\Console\Application->find('diff')
#1 /Applications/MAMP/htdocs/CarromTournamentServer/vendor/symfony/console/Application.php(145): Symfony\Component\Console\Application->doRun(Object(Symfony\Component\Console\Input\ArgvInput), Object(Symfony\Component\Console\Output\ConsoleOutput))
#2 /Applications/MAMP/htdocs/CarromTournamentServer/vendor/cakephp/migrations/src/Shell/MigrationsShell.php(108): Symfony\Component\Console\Application->run(Object(Symfony\Component\Console\Input\ArgvInput), Object(Symfony\Component\Console\Output\ConsoleOutput))
#3 /Applications/MAMP/htdocs/CarromTournamentServer/vendor/cakephp/cakephp/src/Console/Shell.php(532): Migrations\Shell\MigrationsShell->main('migrations', 'diff', 'AddedBiddingsTa...')
#4 /Applications/MAMP/htdocs/CarromTournamentServer/vendor/cakephp/migrations/src/Shell/MigrationsShell.php(164): Cake\Console\Shell->runCommand(Array, true, Array)
#5 /Applications/MAMP/htdocs/CarromTournamentServer/vendor/cakephp/cakephp/src/Console/CommandRunner.php(342): Migrations\Shell\MigrationsShell->runCommand(Array, true)
#6 /Applications/MAMP/htdocs/CarromTournamentServer/vendor/cakephp/cakephp/src/Console/CommandRunner.php(164): Cake\Console\CommandRunner->runShell(Object(Migrations\Shell\MigrationsShell), Array)
#7 /Applications/MAMP/htdocs/CarromTournamentServer/bin/cake.php(12): Cake\Console\CommandRunner->run(Array)
#8 {main}


2018-09-24 09:30:47 Error: [RuntimeException] Unknown command `cake migrations_diff`. Run `cake --help` to get the list of valid commands. in /Applications/MAMP/htdocs/CarromTournamentServer/vendor/cakephp/cakephp/src/Console/CommandRunner.php on line 321
Stack Trace:
#0 /Applications/MAMP/htdocs/CarromTournamentServer/vendor/cakephp/cakephp/src/Console/CommandRunner.php(159): Cake\Console\CommandRunner->resolveName(Object(Cake\Console\CommandCollection), Object(Cake\Console\ConsoleIo), 'migrations_diff')
#1 /Applications/MAMP/htdocs/CarromTournamentServer/bin/cake.php(12): Cake\Console\CommandRunner->run(Array)
#2 {main}


2018-09-24 09:30:56 Error: [RuntimeException] Unknown command `cake migration_diff`. Run `cake --help` to get the list of valid commands. in /Applications/MAMP/htdocs/CarromTournamentServer/vendor/cakephp/cakephp/src/Console/CommandRunner.php on line 321
Stack Trace:
#0 /Applications/MAMP/htdocs/CarromTournamentServer/vendor/cakephp/cakephp/src/Console/CommandRunner.php(159): Cake\Console\CommandRunner->resolveName(Object(Cake\Console\CommandCollection), Object(Cake\Console\ConsoleIo), 'migration_diff')
#1 /Applications/MAMP/htdocs/CarromTournamentServer/bin/cake.php(12): Cake\Console\CommandRunner->run(Array)
#2 {main}


